SF:lib/data/models/answer_history.dart
DA:11,3
DA:16,0
DA:17,0
DA:19,0
DA:21,2
DA:22,6
LF:6
LH:3
end_of_record
SF:lib/data/models/answer_history.g.dart
DA:9,0
DA:10,0
DA:11,0
DA:12,0
DA:15,0
DA:16,0
DA:17,0
DA:18,0
LF:8
LH:0
end_of_record
SF:lib/data/models/user_daily_record.dart
DA:14,2
DA:21,0
DA:22,0
DA:24,0
DA:26,1
DA:27,1
DA:28,1
DA:29,1
DA:30,1
DA:31,1
LF:10
LH:7
end_of_record
SF:lib/data/models/user_daily_record.g.dart
DA:9,0
DA:10,0
DA:11,0
DA:12,0
DA:13,0
DA:14,0
DA:15,0
DA:16,0
DA:19,0
DA:20,0
DA:21,0
DA:22,0
DA:23,0
DA:24,0
LF:14
LH:0
end_of_record
SF:lib/data/models/user_records.dart
DA:11,1
DA:13,0
DA:14,0
DA:16,0
DA:18,1
DA:19,2
LF:6
LH:3
end_of_record
SF:lib/data/models/user_records.g.dart
DA:9,0
DA:10,0
DA:11,0
DA:12,0
DA:16,0
DA:17,0
DA:18,0
LF:7
LH:0
end_of_record
SF:lib/data/providers/date_provider.dart
DA:2,0
DA:3,0
DA:5,0
DA:8,0
DA:9,0
LF:5
LH:0
end_of_record
SF:lib/data/repositories/wotla_repository.dart
DA:11,0
DA:15,0
DA:16,0
DA:17,0
DA:20,0
DA:21,0
DA:23,0
DA:25,0
DA:28,0
DA:37,1
DA:39,1
DA:40,2
DA:42,4
DA:44,3
DA:45,2
DA:46,2
DA:50,1
DA:51,3
DA:55,1
DA:56,2
DA:58,5
LF:21
LH:12
end_of_record
SF:lib/bloc/game_bloc.dart
DA:16,1
DA:23,2
DA:24,1
DA:25,1
DA:26,0
DA:29,0
DA:30,0
DA:31,0
DA:32,0
DA:33,0
DA:34,0
DA:38,2
DA:39,5
DA:41,2
DA:43,6
DA:45,5
DA:46,3
DA:47,3
DA:48,3
DA:51,6
DA:52,1
DA:53,2
DA:54,3
DA:56,3
DA:58,3
DA:60,3
DA:62,2
DA:64,2
DA:67,3
DA:71,2
DA:77,1
DA:78,1
DA:79,1
DA:81,3
DA:83,3
DA:84,2
DA:85,2
DA:86,1
DA:88,1
DA:91,2
DA:92,1
DA:94,1
DA:99,1
DA:100,1
DA:105,1
DA:106,1
DA:108,3
DA:109,2
LF:48
LH:41
end_of_record
SF:lib/bloc/game_event.dart
DA:4,1
DA:8,0
DA:10,0
DA:11,0
DA:17,1
DA:19,0
DA:20,0
DA:24,1
DA:26,0
DA:27,0
LF:10
LH:3
end_of_record
SF:lib/bloc/game_state.dart
DA:13,2
DA:23,1
DA:32,1
DA:33,1
DA:34,1
DA:35,1
DA:36,1
DA:37,1
DA:39,1
DA:43,1
DA:44,1
DA:45,1
DA:46,1
DA:47,1
DA:48,1
DA:49,1
DA:50,1
DA:51,1
LF:18
LH:18
end_of_record
SF:lib/data/data_source.dart
DA:4,0
DA:5,0
DA:7,0
DA:10,0
DA:11,0
DA:12,0
DA:13,0
LF:7
LH:0
end_of_record
